{"total": {"lines":{"total":1150,"covered":676,"skipped":0,"pct":58.78},"statements":{"total":1150,"covered":676,"skipped":0,"pct":58.78},"functions":{"total":49,"covered":17,"skipped":0,"pct":34.69},"branches":{"total":42,"covered":31,"skipped":0,"pct":73.8},"branchesTrue":{"total":0,"covered":0,"skipped":0,"pct":100}}
,"/mnt/d/work/common-util/src/index.ts": {"lines":{"total":15,"covered":15,"skipped":0,"pct":100},"functions":{"total":0,"covered":0,"skipped":0,"pct":100},"statements":{"total":15,"covered":15,"skipped":0,"pct":100},"branches":{"total":0,"covered":0,"skipped":0,"pct":100}}
,"/mnt/d/work/common-util/src/lib/AJAXError.ts": {"lines":{"total":14,"covered":1,"skipped":0,"pct":7.14},"functions":{"total":1,"covered":0,"skipped":0,"pct":0},"statements":{"total":14,"covered":1,"skipped":0,"pct":7.14},"branches":{"total":0,"covered":0,"skipped":0,"pct":100}}
,"/mnt/d/work/common-util/src/lib/Coordinate.ts": {"lines":{"total":40,"covered":12,"skipped":0,"pct":30},"functions":{"total":1,"covered":0,"skipped":0,"pct":0},"statements":{"total":40,"covered":12,"skipped":0,"pct":30},"branches":{"total":0,"covered":0,"skipped":0,"pct":100}}
,"/mnt/d/work/common-util/src/lib/CoordinateUtils.ts": {"lines":{"total":209,"covered":117,"skipped":0,"pct":55.98},"functions":{"total":12,"covered":0,"skipped":0,"pct":0},"statements":{"total":209,"covered":117,"skipped":0,"pct":55.98},"branches":{"total":0,"covered":0,"skipped":0,"pct":100}}
,"/mnt/d/work/common-util/src/lib/ajax.ts": {"lines":{"total":188,"covered":66,"skipped":0,"pct":35.1},"functions":{"total":3,"covered":0,"skipped":0,"pct":0},"statements":{"total":188,"covered":66,"skipped":0,"pct":35.1},"branches":{"total":0,"covered":0,"skipped":0,"pct":100}}
,"/mnt/d/work/common-util/src/lib/animation.ts": {"lines":{"total":62,"covered":53,"skipped":0,"pct":85.48},"functions":{"total":3,"covered":0,"skipped":0,"pct":0},"statements":{"total":62,"covered":53,"skipped":0,"pct":85.48},"branches":{"total":0,"covered":0,"skipped":0,"pct":100}}
,"/mnt/d/work/common-util/src/lib/browser.ts": {"lines":{"total":120,"covered":18,"skipped":0,"pct":15},"functions":{"total":1,"covered":0,"skipped":0,"pct":0},"statements":{"total":120,"covered":18,"skipped":0,"pct":15},"branches":{"total":0,"covered":0,"skipped":0,"pct":100}}
,"/mnt/d/work/common-util/src/lib/common.ts": {"lines":{"total":45,"covered":45,"skipped":0,"pct":100},"functions":{"total":3,"covered":2,"skipped":0,"pct":66.66},"statements":{"total":45,"covered":45,"skipped":0,"pct":100},"branches":{"total":3,"covered":3,"skipped":0,"pct":100}}
,"/mnt/d/work/common-util/src/lib/cookie.ts": {"lines":{"total":54,"covered":54,"skipped":0,"pct":100},"functions":{"total":4,"covered":3,"skipped":0,"pct":75},"statements":{"total":54,"covered":54,"skipped":0,"pct":100},"branches":{"total":3,"covered":3,"skipped":0,"pct":100}}
,"/mnt/d/work/common-util/src/lib/date.ts": {"lines":{"total":61,"covered":59,"skipped":0,"pct":96.72},"functions":{"total":3,"covered":3,"skipped":0,"pct":100},"statements":{"total":61,"covered":59,"skipped":0,"pct":96.72},"branches":{"total":7,"covered":6,"skipped":0,"pct":85.71}}
,"/mnt/d/work/common-util/src/lib/dom.ts": {"lines":{"total":100,"covered":74,"skipped":0,"pct":74},"functions":{"total":8,"covered":1,"skipped":0,"pct":12.5},"statements":{"total":100,"covered":74,"skipped":0,"pct":74},"branches":{"total":1,"covered":1,"skipped":0,"pct":100}}
,"/mnt/d/work/common-util/src/lib/flex.ts": {"lines":{"total":14,"covered":14,"skipped":0,"pct":100},"functions":{"total":1,"covered":0,"skipped":0,"pct":0},"statements":{"total":14,"covered":14,"skipped":0,"pct":100},"branches":{"total":0,"covered":0,"skipped":0,"pct":100}}
,"/mnt/d/work/common-util/src/lib/getJson.ts": {"lines":{"total":25,"covered":16,"skipped":0,"pct":64},"functions":{"total":1,"covered":0,"skipped":0,"pct":0},"statements":{"total":25,"covered":16,"skipped":0,"pct":64},"branches":{"total":0,"covered":0,"skipped":0,"pct":100}}
,"/mnt/d/work/common-util/src/lib/load.ts": {"lines":{"total":86,"covered":19,"skipped":0,"pct":22.09},"functions":{"total":0,"covered":0,"skipped":0,"pct":100},"statements":{"total":86,"covered":19,"skipped":0,"pct":22.09},"branches":{"total":2,"covered":2,"skipped":0,"pct":100}}
,"/mnt/d/work/common-util/src/lib/url.ts": {"lines":{"total":66,"covered":64,"skipped":0,"pct":96.96},"functions":{"total":3,"covered":3,"skipped":0,"pct":100},"statements":{"total":66,"covered":64,"skipped":0,"pct":96.96},"branches":{"total":9,"covered":6,"skipped":0,"pct":66.66}}
,"/mnt/d/work/common-util/src/lib/uuid.ts": {"lines":{"total":51,"covered":49,"skipped":0,"pct":96.07},"functions":{"total":5,"covered":5,"skipped":0,"pct":100},"statements":{"total":51,"covered":49,"skipped":0,"pct":96.07},"branches":{"total":17,"covered":10,"skipped":0,"pct":58.82}}
}
